<?xml version="1.0" encoding="UTF-8"?>
<!-- Generated by org.testng.reporters.JUnitReportReporter -->
<testsuite hostname="Umesh_Bilembagi" failures="0" tests="1" name="testCases.TC001_AccountRegistrationTest" time="6.862" errors="0" timestamp="2025-02-07T18:02:18 IST" skipped="0">
  <testcase classname="testCases.TC001_AccountRegistrationTest" name="verify_account_registration" time="6.862"/>
</testsuite> <!-- testCases.TC001_AccountRegistrationTest -->
