<?xml version="1.0" encoding="UTF-8"?>
<!-- Generated by org.testng.reporters.JUnitReportReporter -->
<testsuite hostname="Umesh_Bilembagi" failures="0" tests="1" name="testCases.TC001_AccountRegistrationTest" time="8.122" errors="0" timestamp="2025-02-08T01:02:16 IST" skipped="0">
  <testcase classname="testCases.TC001_AccountRegistrationTest" name="verify_account_registration" time="8.122"/>
</testsuite> <!-- testCases.TC001_AccountRegistrationTest -->
