<?xml version="1.0" encoding="UTF-8"?>
<!-- Generated by org.testng.reporters.JUnitReportReporter -->
<testsuite hostname="Umesh_Bilembagi" failures="0" tests="1" name="testCases.TC002_LoginTest" time="2.141" errors="0" timestamp="2025-02-08T01:02:16 IST" skipped="0">
  <testcase classname="testCases.TC002_LoginTest" name="verify_login" time="2.141"/>
</testsuite> <!-- testCases.TC002_LoginTest -->
